{"/Users/ashish/Desktop/Tutorials/jest/functions.js": {"path":"/Users/ashish/Desktop/Tutorials/jest/functions.js","statementMap":{"0":{"start":{"line":1,"column":14},"end":{"line":1,"column":30}},"1":{"start":{"line":2,"column":18},"end":{"line":14,"column":1}},"2":{"start":{"line":3,"column":20},"end":{"line":3,"column":33}},"3":{"start":{"line":4,"column":20},"end":{"line":4,"column":32}},"4":{"start":{"line":5,"column":29},"end":{"line":5,"column":42}},"5":{"start":{"line":7,"column":21},"end":{"line":7,"column":44}},"6":{"start":{"line":8,"column":8},"end":{"line":8,"column":35}},"7":{"start":{"line":9,"column":8},"end":{"line":9,"column":20}},"8":{"start":{"line":11,"column":21},"end":{"line":13,"column":48}},"9":{"start":{"line":12,"column":40},"end":{"line":12,"column":48}},"10":{"start":{"line":13,"column":40},"end":{"line":13,"column":47}},"11":{"start":{"line":16,"column":0},"end":{"line":16,"column":27}}},"fnMap":{"0":{"name":"(anonymous_0)","decl":{"start":{"line":3,"column":9},"end":{"line":3,"column":10}},"loc":{"start":{"line":3,"column":19},"end":{"line":3,"column":34}},"line":3},"1":{"name":"(anonymous_1)","decl":{"start":{"line":4,"column":12},"end":{"line":4,"column":13}},"loc":{"start":{"line":4,"column":18},"end":{"line":4,"column":33}},"line":4},"2":{"name":"(anonymous_2)","decl":{"start":{"line":5,"column":16},"end":{"line":5,"column":17}},"loc":{"start":{"line":5,"column":27},"end":{"line":5,"column":44}},"line":5},"3":{"name":"(anonymous_3)","decl":{"start":{"line":6,"column":16},"end":{"line":6,"column":17}},"loc":{"start":{"line":6,"column":22},"end":{"line":10,"column":5}},"line":6},"4":{"name":"(anonymous_4)","decl":{"start":{"line":11,"column":15},"end":{"line":11,"column":16}},"loc":{"start":{"line":11,"column":21},"end":{"line":13,"column":48}},"line":11},"5":{"name":"(anonymous_5)","decl":{"start":{"line":12,"column":33},"end":{"line":12,"column":34}},"loc":{"start":{"line":12,"column":40},"end":{"line":12,"column":48}},"line":12},"6":{"name":"(anonymous_6)","decl":{"start":{"line":13,"column":33},"end":{"line":13,"column":34}},"loc":{"start":{"line":13,"column":40},"end":{"line":13,"column":47}},"line":13}},"branchMap":{},"s":{"0":1,"1":1,"2":0,"3":1,"4":1,"5":1,"6":1,"7":1,"8":2,"9":2,"10":0,"11":1},"f":{"0":0,"1":1,"2":1,"3":1,"4":2,"5":2,"6":0},"b":{},"_coverageSchema":"43e27e138ebf9cfc5966b082cf9a028302ed4184","hash":"b279295838bd3addce2688227fd827cdcd87c617"}
}
